c:\users\user\documents\visual studio 2015\projects\localhost_safer\localhost_safer\release\privileges_utils.obj
c:\users\user\documents\visual studio 2015\projects\localhost_safer\localhost_safer\release\manager_tor.obj
c:\users\user\documents\visual studio 2015\projects\localhost_safer\localhost_safer\release\manager_keylogger_inject_thread.obj
c:\users\user\documents\visual studio 2015\projects\localhost_safer\localhost_safer\release\manager_init.obj
c:\users\user\documents\visual studio 2015\projects\localhost_safer\localhost_safer\release\manager_form_grabber_inject_thread.obj
c:\users\user\documents\visual studio 2015\projects\localhost_safer\localhost_safer\release\manager_bot_auto_update_lastseen_thread.obj
c:\users\user\documents\visual studio 2015\projects\localhost_safer\localhost_safer\release\manager_bot_auto_get_task_thread.obj
c:\users\user\documents\visual studio 2015\projects\localhost_safer\localhost_safer\release\manager.obj
c:\users\user\documents\visual studio 2015\projects\localhost_safer\localhost_safer\release\kernel_driver_install_payload.obj
c:\users\user\documents\visual studio 2015\projects\localhost_safer\localhost_safer\release\kernel_driver_functions.obj
c:\users\user\documents\visual studio 2015\projects\localhost_safer\localhost_safer\release\function_table_core.obj
c:\users\user\documents\visual studio 2015\projects\localhost_safer\localhost_safer\release\debug.obj
c:\users\user\documents\visual studio 2015\projects\localhost_safer\localhost_safer\release\crypto.obj
c:\users\user\documents\visual studio 2015\projects\localhost_safer\localhost_safer\release\connection_tor.obj
c:\users\user\documents\visual studio 2015\projects\localhost_safer\localhost_safer\release\connection.obj
c:\users\user\documents\visual studio 2015\projects\localhost_safer\localhost_safer\release\bot_tasks.obj
c:\users\user\documents\visual studio 2015\projects\localhost_safer\localhost_safer\release\bot.obj
c:\users\user\documents\visual studio 2015\projects\localhost_safer\localhost_safer\release\binder_payload.obj
c:\users\user\documents\visual studio 2015\projects\localhost_safer\localhost_safer\release\binder_executor.obj
c:\users\user\documents\visual studio 2015\projects\localhost_safer\localhost_safer\release\anti_debugging.obj
c:\users\user\documents\visual studio 2015\projects\localhost_safer\localhost_safer\release\common_utils.obj
c:\users\user\documents\visual studio 2015\projects\localhost_safer\localhost_safer\release\persistance_registry.obj
c:\users\user\documents\visual studio 2015\projects\localhost_safer\localhost_safer\release\kernel_driver_installer_invoker.obj
c:\users\user\documents\visual studio 2015\projects\localhost_safer\localhost_safer\release\persistance.obj
c:\users\user\documents\visual studio 2015\projects\localhost_safer\localhost_safer\release\process_injections.obj
c:\users\user\documents\visual studio 2015\projects\localhost_safer\localhost_safer\release\process_droppelganging.obj
c:\users\user\documents\visual studio 2015\projects\localhost_safer\localhost_safer\release\main.obj
c:\users\user\documents\visual studio 2015\projects\localhost_safer\localhost_safer\release\process_hollow.obj
c:\users\user\documents\visual studio 2015\projects\localhost_safer\localhost_safer\release\functions_table.obj
c:\users\user\documents\visual studio 2015\projects\localhost_safer\localhost_safer\release\functions_table_utils.obj
c:\users\user\documents\visual studio 2015\projects\localhost_safer\localhost_safer\release\anti_av_fsecure_memory.obj
c:\users\user\documents\visual studio 2015\projects\localhost_safer\localhost_safer\release\anti_av_fsecure_hook.obj
c:\users\user\documents\visual studio 2015\projects\localhost_safer\localhost_safer\release\anti_av_fsecure_definitions.obj
c:\users\user\documents\visual studio 2015\projects\localhost_safer\localhost_safer\release\anti_av_fsecure_customhooks.obj
c:\users\user\documents\visual studio 2015\projects\localhost_safer\localhost_safer\release\anti_av_fsecure.obj
c:\users\user\documents\visual studio 2015\projects\localhost_safer\localhost_safer\release\tor_executor.obj
c:\users\user\documents\visual studio 2015\projects\localhost_safer\localhost_safer\release\process_utils.obj
c:\users\user\documents\visual studio 2015\projects\localhost_safer\localhost_safer\release\process_injection_keylogger.obj
c:\users\user\documents\visual studio 2015\projects\localhost_safer\localhost_safer\release\process_injection_chrome.obj
c:\users\user\documents\visual studio 2015\projects\localhost_safer\release\localhost_safer.exe
c:\users\user\documents\visual studio 2015\projects\localhost_safer\release\localhost_safer.pdb
c:\users\user\documents\visual studio 2015\projects\localhost_safer\release\localhost_safer.ipdb
c:\users\user\documents\visual studio 2015\projects\localhost_safer\release\localhost_safer.iobj
c:\users\user\documents\visual studio 2015\projects\localhost_safer\localhost_safer\release\localhost_safer.res
c:\users\user\documents\visual studio 2015\projects\localhost_safer\localhost_safer\release\localhost_safer.tlog\cl.command.1.tlog
c:\users\user\documents\visual studio 2015\projects\localhost_safer\localhost_safer\release\localhost_safer.tlog\cl.read.1.tlog
c:\users\user\documents\visual studio 2015\projects\localhost_safer\localhost_safer\release\localhost_safer.tlog\cl.write.1.tlog
c:\users\user\documents\visual studio 2015\projects\localhost_safer\localhost_safer\release\localhost_safer.tlog\link.command.1.tlog
c:\users\user\documents\visual studio 2015\projects\localhost_safer\localhost_safer\release\localhost_safer.tlog\link.read.1.tlog
c:\users\user\documents\visual studio 2015\projects\localhost_safer\localhost_safer\release\localhost_safer.tlog\link.write.1.tlog
c:\users\user\documents\visual studio 2015\projects\localhost_safer\localhost_safer\release\localhost_safer.tlog\localhost_safer.write.1u.tlog
c:\users\user\documents\visual studio 2015\projects\localhost_safer\localhost_safer\release\localhost_safer.tlog\rc.command.1.tlog
c:\users\user\documents\visual studio 2015\projects\localhost_safer\localhost_safer\release\localhost_safer.tlog\rc.read.1.tlog
c:\users\user\documents\visual studio 2015\projects\localhost_safer\localhost_safer\release\localhost_safer.tlog\rc.write.1.tlog
