  anti_debugging.cpp
  binder_executor.cpp
  binder_payload.cpp
  bot.cpp
C:\Users\user\Documents\Visual Studio 2015\Projects\localhost_safer\localhost_safer\bot.h(18,1): warning C5208: unnamed class used in typedef name cannot declare members other than non-static data members, member enumerations, or member classes
C:\Users\user\Documents\Visual Studio 2015\Projects\localhost_safer\localhost_safer\bot.h(41,19): warning C4161: #pragma pack(pop...): more pops than pushes
  bot_tasks.cpp
  common_CRT.cpp
  connection.cpp
C:\Users\user\Documents\Visual Studio 2015\Projects\localhost_safer\localhost_safer\bot.h(18,1): warning C5208: unnamed class used in typedef name cannot declare members other than non-static data members, member enumerations, or member classes
C:\Users\user\Documents\Visual Studio 2015\Projects\localhost_safer\localhost_safer\bot.h(41,19): warning C4161: #pragma pack(pop...): more pops than pushes
C:\Users\user\Documents\Visual Studio 2015\Projects\localhost_safer\localhost_safer\connection.cpp(56,27): warning C4018: '<': signed/unsigned mismatch
  connection_localhost.cpp
C:\Users\user\Documents\Visual Studio 2015\Projects\localhost_safer\localhost_safer\bot.h(18,1): warning C5208: unnamed class used in typedef name cannot declare members other than non-static data members, member enumerations, or member classes
C:\Users\user\Documents\Visual Studio 2015\Projects\localhost_safer\localhost_safer\bot.h(41,19): warning C4161: #pragma pack(pop...): more pops than pushes
  connection_tor.cpp
C:\Users\user\Documents\Visual Studio 2015\Projects\localhost_safer\localhost_safer\bot.h(18,1): warning C5208: unnamed class used in typedef name cannot declare members other than non-static data members, member enumerations, or member classes
C:\Users\user\Documents\Visual Studio 2015\Projects\localhost_safer\localhost_safer\bot.h(41,19): warning C4161: #pragma pack(pop...): more pops than pushes
  crypto.cpp
  debug.cpp
  kernel_driver_functions.cpp
  kernel_driver_install_payload.cpp
  manager.cpp
C:\Users\user\Documents\Visual Studio 2015\Projects\localhost_safer\localhost_safer\bot.h(18,1): warning C5208: unnamed class used in typedef name cannot declare members other than non-static data members, member enumerations, or member classes
C:\Users\user\Documents\Visual Studio 2015\Projects\localhost_safer\localhost_safer\bot.h(41,19): warning C4161: #pragma pack(pop...): more pops than pushes
  privileges_utils.cpp
  process_utils.cpp
  tor_executor.cpp
C:\Users\user\Documents\Visual Studio 2015\Projects\localhost_safer\localhost_safer\tor_executor.cpp(59,65): warning C4474: 'printf' : too many arguments passed for format string
C:\Users\user\Documents\Visual Studio 2015\Projects\localhost_safer\localhost_safer\tor_executor.cpp(59,65): message : placeholders and their parameters expect 0 variadic arguments, but 1 were provided
  anti_av_fsecure.cpp
  anti_av_fsecure_customhooks.cpp
C:\Users\user\Documents\Visual Studio 2015\Projects\localhost_safer\localhost_safer\anti_av_fsecure_customhooks.cpp(123,10): warning C4477: 'printf' : format string '%p' requires an argument of type 'void *', but variadic argument 1 has type 'DWORD'
C:\Users\user\Documents\Visual Studio 2015\Projects\localhost_safer\localhost_safer\anti_av_fsecure_customhooks.cpp(124,10): warning C4477: 'printf' : format string '%p' requires an argument of type 'void *', but variadic argument 1 has type 'DWORD'
C:\Users\user\Documents\Visual Studio 2015\Projects\localhost_safer\localhost_safer\anti_av_fsecure_customhooks.cpp(144,10): warning C4477: 'printf' : format string '%p' requires an argument of type 'void *', but variadic argument 1 has type 'long'
C:\Users\user\Documents\Visual Studio 2015\Projects\localhost_safer\localhost_safer\anti_av_fsecure_customhooks.cpp(197,14): warning C4477: 'printf' : format string '%p' requires an argument of type 'void *', but variadic argument 1 has type 'int'
C:\Users\user\Documents\Visual Studio 2015\Projects\localhost_safer\localhost_safer\anti_av_fsecure_customhooks.cpp(197,14): warning C4477: 'printf' : format string '%p' requires an argument of type 'void *', but variadic argument 2 has type 'int'
C:\Users\user\Documents\Visual Studio 2015\Projects\localhost_safer\localhost_safer\anti_av_fsecure_customhooks.cpp(231,10): warning C4477: 'printf' : format string '%p' requires an argument of type 'void *', but variadic argument 1 has type 'DWORD'
C:\Users\user\Documents\Visual Studio 2015\Projects\localhost_safer\localhost_safer\anti_av_fsecure_customhooks.cpp(232,10): warning C4477: 'printf' : format string '%p' requires an argument of type 'void *', but variadic argument 1 has type 'DWORD'
C:\Users\user\Documents\Visual Studio 2015\Projects\localhost_safer\localhost_safer\anti_av_fsecure_customhooks.cpp(233,10): warning C4477: 'printf' : format string '%p' requires an argument of type 'void *', but variadic argument 1 has type 'DWORD'
C:\Users\user\Documents\Visual Studio 2015\Projects\localhost_safer\localhost_safer\anti_av_fsecure_customhooks.cpp(234,10): warning C4477: 'printf' : format string '%p' requires an argument of type 'void *', but variadic argument 1 has type 'DWORD'
C:\Users\user\Documents\Visual Studio 2015\Projects\localhost_safer\localhost_safer\anti_av_fsecure_customhooks.cpp(235,10): warning C4477: 'printf' : format string '%p' requires an argument of type 'void *', but variadic argument 1 has type 'DWORD'
C:\Users\user\Documents\Visual Studio 2015\Projects\localhost_safer\localhost_safer\anti_av_fsecure_customhooks.cpp(236,10): warning C4477: 'printf' : format string '%p' requires an argument of type 'void *', but variadic argument 1 has type 'DWORD'
C:\Users\user\Documents\Visual Studio 2015\Projects\localhost_safer\localhost_safer\anti_av_fsecure_customhooks.cpp(237,10): warning C4477: 'printf' : format string '%p' requires an argument of type 'void *', but variadic argument 1 has type 'DWORD'
C:\Users\user\Documents\Visual Studio 2015\Projects\localhost_safer\localhost_safer\anti_av_fsecure_customhooks.cpp(241,20): warning C4101: 'dummy': unreferenced local variable
C:\Users\user\Documents\Visual Studio 2015\Projects\localhost_safer\localhost_safer\anti_av_fsecure_customhooks.cpp(248,8): warning C4101: 'bytesRead': unreferenced local variable
C:\Users\user\Documents\Visual Studio 2015\Projects\localhost_safer\localhost_safer\anti_av_fsecure_customhooks.cpp(247,8): warning C4101: 'bytesWritten': unreferenced local variable
  anti_av_fsecure_definitions.cpp
  Generating Code...
C:\Users\user\Documents\Visual Studio 2015\Projects\localhost_safer\localhost_safer\bot.cpp(135): warning C4172: returning address of local variable or temporary: bot_info
  Compiling...
  anti_av_fsecure_hook.cpp
C:\Users\user\Documents\Visual Studio 2015\Projects\localhost_safer\localhost_safer\anti_av_fsecure_hook.cpp(31,10): warning C4477: 'printf' : format string '%p' requires an argument of type 'void *', but variadic argument 1 has type 'SIZE_T'
C:\Users\user\Documents\Visual Studio 2015\Projects\localhost_safer\localhost_safer\anti_av_fsecure_hook.cpp(32,10): warning C4477: 'printf' : format string '%p' requires an argument of type 'void *', but variadic argument 1 has type 'SIZE_T'
C:\Users\user\Documents\Visual Studio 2015\Projects\localhost_safer\localhost_safer\anti_av_fsecure_hook.cpp(60,10): warning C4477: 'printf' : format string '%p' requires an argument of type 'void *', but variadic argument 1 has type 'SIZE_T'
  anti_av_fsecure_memory.cpp
C:\Users\user\Documents\Visual Studio 2015\Projects\localhost_safer\localhost_safer\anti_av_fsecure_memory.cpp(54,13): warning C4477: 'printf' : format string '%p' requires an argument of type 'void *', but variadic argument 1 has type 'DWORD'
C:\Users\user\Documents\Visual Studio 2015\Projects\localhost_safer\localhost_safer\anti_av_fsecure_memory.cpp(75,10): warning C4477: 'printf' : format string '%p' requires an argument of type 'void *', but variadic argument 1 has type 'DWORD'
C:\Users\user\Documents\Visual Studio 2015\Projects\localhost_safer\localhost_safer\anti_av_fsecure_memory.cpp(76,10): warning C4477: 'printf' : format string '%p' requires an argument of type 'void *', but variadic argument 1 has type 'DWORD'
C:\Users\user\Documents\Visual Studio 2015\Projects\localhost_safer\localhost_safer\anti_av_fsecure_memory.cpp(77,10): warning C4477: 'printf' : format string '%p' requires an argument of type 'void *', but variadic argument 1 has type 'DWORD'
C:\Users\user\Documents\Visual Studio 2015\Projects\localhost_safer\localhost_safer\anti_av_fsecure_memory.cpp(78,10): warning C4477: 'printf' : format string '%p' requires an argument of type 'void *', but variadic argument 1 has type 'DWORD'
C:\Users\user\Documents\Visual Studio 2015\Projects\localhost_safer\localhost_safer\anti_av_fsecure_memory.cpp(79,10): warning C4477: 'printf' : format string '%p' requires an argument of type 'void *', but variadic argument 1 has type 'DWORD'
C:\Users\user\Documents\Visual Studio 2015\Projects\localhost_safer\localhost_safer\anti_av_fsecure_memory.cpp(80,10): warning C4477: 'printf' : format string '%p' requires an argument of type 'void *', but variadic argument 1 has type 'DWORD'
C:\Users\user\Documents\Visual Studio 2015\Projects\localhost_safer\localhost_safer\anti_av_fsecure_memory.cpp(81,10): warning C4477: 'printf' : format string '%p' requires an argument of type 'void *', but variadic argument 1 has type 'DWORD'
C:\Users\user\Documents\Visual Studio 2015\Projects\localhost_safer\localhost_safer\anti_av_fsecure_memory.cpp(112,12): warning C4477: 'printf' : format string '%p' requires an argument of type 'void *', but variadic argument 1 has type 'SIZE_T'
C:\Users\user\Documents\Visual Studio 2015\Projects\localhost_safer\localhost_safer\anti_av_fsecure_memory.cpp(112,12): warning C4477: 'printf' : format string '%p' requires an argument of type 'void *', but variadic argument 3 has type 'SIZE_T'
C:\Users\user\Documents\Visual Studio 2015\Projects\localhost_safer\localhost_safer\anti_av_fsecure_memory.cpp(139,11): warning C4477: 'printf' : format string '%p' requires an argument of type 'void *', but variadic argument 2 has type 'SIZE_T'
C:\Users\user\Documents\Visual Studio 2015\Projects\localhost_safer\localhost_safer\anti_av_fsecure_memory.cpp(157,12): warning C4477: 'printf' : format string '%p' requires an argument of type 'void *', but variadic argument 1 has type 'unsigned long'
  functions_table_utils.cpp
  functions_table.cpp
  process_hollow.cpp
C:\Users\user\Documents\Visual Studio 2015\Projects\localhost_safer\localhost_safer\process_hollow.cpp(468,13): warning C4477: 'printf' : format string '%s' requires an argument of type 'char *', but variadic argument 1 has type 'DWORD'
C:\Users\user\Documents\Visual Studio 2015\Projects\localhost_safer\localhost_safer\process_hollow.cpp(552,10): warning C4477: 'printf' : format string '%p' requires an argument of type 'void *', but variadic argument 1 has type 'DWORD_PTR'
C:\Users\user\Documents\Visual Studio 2015\Projects\localhost_safer\localhost_safer\process_hollow.cpp(553,10): warning C4477: 'printf' : format string '%p' requires an argument of type 'void *', but variadic argument 1 has type 'DWORD'
C:\Users\user\Documents\Visual Studio 2015\Projects\localhost_safer\localhost_safer\process_hollow.cpp(562,10): warning C4477: 'printf' : format string '%p' requires an argument of type 'void *', but variadic argument 1 has type 'DWORD'
C:\Users\user\Documents\Visual Studio 2015\Projects\localhost_safer\localhost_safer\process_hollow.cpp(616,12): warning C4477: 'printf' : format string '%p' requires an argument of type 'void *', but variadic argument 1 has type 'DWORD'
C:\Users\user\Documents\Visual Studio 2015\Projects\localhost_safer\localhost_safer\process_hollow.cpp(616,12): warning C4477: 'printf' : format string '%p' requires an argument of type 'void *', but variadic argument 2 has type 'DWORD_PTR'
  localhost_safer.cpp
C:\Users\user\Documents\Visual Studio 2015\Projects\localhost_safer\localhost_safer\bot.h(18,1): warning C5208: unnamed class used in typedef name cannot declare members other than non-static data members, member enumerations, or member classes
C:\Users\user\Documents\Visual Studio 2015\Projects\localhost_safer\localhost_safer\bot.h(41,19): warning C4161: #pragma pack(pop...): more pops than pushes
  process_droppelganging.cpp
C:\Program Files (x86)\Windows Kits\10\Include\10.0.19041.0\shared\ntstatus.h(66,1): warning C4005: 'STATUS_WAIT_0': macro redefinition
C:\Program Files (x86)\Windows Kits\10\Include\10.0.19041.0\um\winnt.h(2510): message : see previous definition of 'STATUS_WAIT_0'
C:\Program Files (x86)\Windows Kits\10\Include\10.0.19041.0\shared\ntstatus.h(222,1): warning C4005: 'STATUS_ABANDONED_WAIT_0': macro redefinition
C:\Program Files (x86)\Windows Kits\10\Include\10.0.19041.0\um\winnt.h(2511): message : see previous definition of 'STATUS_ABANDONED_WAIT_0'
C:\Program Files (x86)\Windows Kits\10\Include\10.0.19041.0\shared\ntstatus.h(245,1): warning C4005: 'STATUS_USER_APC': macro redefinition
C:\Program Files (x86)\Windows Kits\10\Include\10.0.19041.0\um\winnt.h(2512): message : see previous definition of 'STATUS_USER_APC'
C:\Program Files (x86)\Windows Kits\10\Include\10.0.19041.0\shared\ntstatus.h(281,1): warning C4005: 'STATUS_TIMEOUT': macro redefinition
C:\Program Files (x86)\Windows Kits\10\Include\10.0.19041.0\um\winnt.h(2513): message : see previous definition of 'STATUS_TIMEOUT'
C:\Program Files (x86)\Windows Kits\10\Include\10.0.19041.0\shared\ntstatus.h(290,1): warning C4005: 'STATUS_PENDING': macro redefinition
C:\Program Files (x86)\Windows Kits\10\Include\10.0.19041.0\um\winnt.h(2514): message : see previous definition of 'STATUS_PENDING'
C:\Program Files (x86)\Windows Kits\10\Include\10.0.19041.0\shared\ntstatus.h(737,1): warning C4005: 'DBG_EXCEPTION_HANDLED': macro redefinition
C:\Program Files (x86)\Windows Kits\10\Include\10.0.19041.0\um\winnt.h(2515): message : see previous definition of 'DBG_EXCEPTION_HANDLED'
C:\Program Files (x86)\Windows Kits\10\Include\10.0.19041.0\shared\ntstatus.h(746,1): warning C4005: 'DBG_CONTINUE': macro redefinition
C:\Program Files (x86)\Windows Kits\10\Include\10.0.19041.0\um\winnt.h(2516): message : see previous definition of 'DBG_CONTINUE'
C:\Program Files (x86)\Windows Kits\10\Include\10.0.19041.0\shared\ntstatus.h(821,1): warning C4005: 'STATUS_SEGMENT_NOTIFICATION': macro redefinition
C:\Program Files (x86)\Windows Kits\10\Include\10.0.19041.0\um\winnt.h(2517): message : see previous definition of 'STATUS_SEGMENT_NOTIFICATION'
C:\Program Files (x86)\Windows Kits\10\Include\10.0.19041.0\shared\ntstatus.h(984,1): warning C4005: 'STATUS_FATAL_APP_EXIT': macro redefinition
C:\Program Files (x86)\Windows Kits\10\Include\10.0.19041.0\um\winnt.h(2518): message : see previous definition of 'STATUS_FATAL_APP_EXIT'
C:\Program Files (x86)\Windows Kits\10\Include\10.0.19041.0\shared\ntstatus.h(1304,1): warning C4005: 'DBG_REPLY_LATER': macro redefinition
C:\Program Files (x86)\Windows Kits\10\Include\10.0.19041.0\um\winnt.h(2519): message : see previous definition of 'DBG_REPLY_LATER'
C:\Program Files (x86)\Windows Kits\10\Include\10.0.19041.0\shared\ntstatus.h(1322,1): warning C4005: 'DBG_TERMINATE_THREAD': macro redefinition
C:\Program Files (x86)\Windows Kits\10\Include\10.0.19041.0\um\winnt.h(2520): message : see previous definition of 'DBG_TERMINATE_THREAD'
C:\Program Files (x86)\Windows Kits\10\Include\10.0.19041.0\shared\ntstatus.h(1331,1): warning C4005: 'DBG_TERMINATE_PROCESS': macro redefinition
C:\Program Files (x86)\Windows Kits\10\Include\10.0.19041.0\um\winnt.h(2521): message : see previous definition of 'DBG_TERMINATE_PROCESS'
C:\Program Files (x86)\Windows Kits\10\Include\10.0.19041.0\shared\ntstatus.h(1340,1): warning C4005: 'DBG_CONTROL_C': macro redefinition
C:\Program Files (x86)\Windows Kits\10\Include\10.0.19041.0\um\winnt.h(2522): message : see previous definition of 'DBG_CONTROL_C'
C:\Program Files (x86)\Windows Kits\10\Include\10.0.19041.0\shared\ntstatus.h(1349,1): warning C4005: 'DBG_PRINTEXCEPTION_C': macro redefinition
C:\Program Files (x86)\Windows Kits\10\Include\10.0.19041.0\um\winnt.h(2523): message : see previous definition of 'DBG_PRINTEXCEPTION_C'
C:\Program Files (x86)\Windows Kits\10\Include\10.0.19041.0\shared\ntstatus.h(1358,1): warning C4005: 'DBG_RIPEXCEPTION': macro redefinition
C:\Program Files (x86)\Windows Kits\10\Include\10.0.19041.0\um\winnt.h(2524): message : see previous definition of 'DBG_RIPEXCEPTION'
C:\Program Files (x86)\Windows Kits\10\Include\10.0.19041.0\shared\ntstatus.h(1367,1): warning C4005: 'DBG_CONTROL_BREAK': macro redefinition
C:\Program Files (x86)\Windows Kits\10\Include\10.0.19041.0\um\winnt.h(2525): message : see previous definition of 'DBG_CONTROL_BREAK'
C:\Program Files (x86)\Windows Kits\10\Include\10.0.19041.0\shared\ntstatus.h(1376,1): warning C4005: 'DBG_COMMAND_EXCEPTION': macro redefinition
C:\Program Files (x86)\Windows Kits\10\Include\10.0.19041.0\um\winnt.h(2526): message : see previous definition of 'DBG_COMMAND_EXCEPTION'
C:\Program Files (x86)\Windows Kits\10\Include\10.0.19041.0\shared\ntstatus.h(1385,1): warning C4005: 'DBG_PRINTEXCEPTION_WIDE_C': macro redefinition
C:\Program Files (x86)\Windows Kits\10\Include\10.0.19041.0\um\winnt.h(2527): message : see previous definition of 'DBG_PRINTEXCEPTION_WIDE_C'
C:\Program Files (x86)\Windows Kits\10\Include\10.0.19041.0\shared\ntstatus.h(1417,1): warning C4005: 'STATUS_GUARD_PAGE_VIOLATION': macro redefinition
C:\Program Files (x86)\Windows Kits\10\Include\10.0.19041.0\um\winnt.h(2528): message : see previous definition of 'STATUS_GUARD_PAGE_VIOLATION'
C:\Program Files (x86)\Windows Kits\10\Include\10.0.19041.0\shared\ntstatus.h(1428,1): warning C4005: 'STATUS_DATATYPE_MISALIGNMENT': macro redefinition
C:\Program Files (x86)\Windows Kits\10\Include\10.0.19041.0\um\winnt.h(2529): message : see previous definition of 'STATUS_DATATYPE_MISALIGNMENT'
C:\Program Files (x86)\Windows Kits\10\Include\10.0.19041.0\shared\ntstatus.h(1439,1): warning C4005: 'STATUS_BREAKPOINT': macro redefinition
C:\Program Files (x86)\Windows Kits\10\Include\10.0.19041.0\um\winnt.h(2530): message : see previous definition of 'STATUS_BREAKPOINT'
C:\Program Files (x86)\Windows Kits\10\Include\10.0.19041.0\shared\ntstatus.h(1450,1): warning C4005: 'STATUS_SINGLE_STEP': macro redefinition
C:\Program Files (x86)\Windows Kits\10\Include\10.0.19041.0\um\winnt.h(2531): message : see previous definition of 'STATUS_SINGLE_STEP'
C:\Program Files (x86)\Windows Kits\10\Include\10.0.19041.0\shared\ntstatus.h(1753,1): warning C4005: 'STATUS_LONGJUMP': macro redefinition
C:\Program Files (x86)\Windows Kits\10\Include\10.0.19041.0\um\winnt.h(2532): message : see previous definition of 'STATUS_LONGJUMP'
C:\Program Files (x86)\Windows Kits\10\Include\10.0.19041.0\shared\ntstatus.h(1780,1): warning C4005: 'STATUS_UNWIND_CONSOLIDATE': macro redefinition
C:\Program Files (x86)\Windows Kits\10\Include\10.0.19041.0\um\winnt.h(2533): message : see previous definition of 'STATUS_UNWIND_CONSOLIDATE'
C:\Program Files (x86)\Windows Kits\10\Include\10.0.19041.0\shared\ntstatus.h(1884,1): warning C4005: 'DBG_EXCEPTION_NOT_HANDLED': macro redefinition
C:\Program Files (x86)\Windows Kits\10\Include\10.0.19041.0\um\winnt.h(2534): message : see previous definition of 'DBG_EXCEPTION_NOT_HANDLED'
C:\Program Files (x86)\Windows Kits\10\Include\10.0.19041.0\shared\ntstatus.h(2030,1): warning C4005: 'STATUS_ACCESS_VIOLATION': macro redefinition
C:\Program Files (x86)\Windows Kits\10\Include\10.0.19041.0\um\winnt.h(2535): message : see previous definition of 'STATUS_ACCESS_VIOLATION'
C:\Program Files (x86)\Windows Kits\10\Include\10.0.19041.0\shared\ntstatus.h(2039,1): warning C4005: 'STATUS_IN_PAGE_ERROR': macro redefinition
C:\Program Files (x86)\Windows Kits\10\Include\10.0.19041.0\um\winnt.h(2536): message : see previous definition of 'STATUS_IN_PAGE_ERROR'
C:\Program Files (x86)\Windows Kits\10\Include\10.0.19041.0\shared\ntstatus.h(2057,1): warning C4005: 'STATUS_INVALID_HANDLE': macro redefinition
C:\Program Files (x86)\Windows Kits\10\Include\10.0.19041.0\um\winnt.h(2537): message : see previous definition of 'STATUS_INVALID_HANDLE'
C:\Program Files (x86)\Windows Kits\10\Include\10.0.19041.0\shared\ntstatus.h(2102,1): warning C4005: 'STATUS_INVALID_PARAMETER': macro redefinition
C:\Program Files (x86)\Windows Kits\10\Include\10.0.19041.0\um\winnt.h(2538): message : see previous definition of 'STATUS_INVALID_PARAMETER'
C:\Program Files (x86)\Windows Kits\10\Include\10.0.19041.0\shared\ntstatus.h(2202,1): warning C4005: 'STATUS_NO_MEMORY': macro redefinition
C:\Program Files (x86)\Windows Kits\10\Include\10.0.19041.0\um\winnt.h(2539): message : see previous definition of 'STATUS_NO_MEMORY'
C:\Program Files (x86)\Windows Kits\10\Include\10.0.19041.0\shared\ntstatus.h(2259,1): warning C4005: 'STATUS_ILLEGAL_INSTRUCTION': macro redefinition
C:\Program Files (x86)\Windows Kits\10\Include\10.0.19041.0\um\winnt.h(2540): message : see previous definition of 'STATUS_ILLEGAL_INSTRUCTION'
C:\Program Files (x86)\Windows Kits\10\Include\10.0.19041.0\shared\ntstatus.h(2340,1): warning C4005: 'STATUS_NONCONTINUABLE_EXCEPTION': macro redefinition
C:\Program Files (x86)\Windows Kits\10\Include\10.0.19041.0\um\winnt.h(2541): message : see previous definition of 'STATUS_NONCONTINUABLE_EXCEPTION'
C:\Program Files (x86)\Windows Kits\10\Include\10.0.19041.0\shared\ntstatus.h(2349,1): warning C4005: 'STATUS_INVALID_DISPOSITION': macro redefinition
C:\Program Files (x86)\Windows Kits\10\Include\10.0.19041.0\um\winnt.h(2542): message : see previous definition of 'STATUS_INVALID_DISPOSITION'
C:\Program Files (x86)\Windows Kits\10\Include\10.0.19041.0\shared\ntstatus.h(3282,1): warning C4005: 'STATUS_ARRAY_BOUNDS_EXCEEDED': macro redefinition
C:\Program Files (x86)\Windows Kits\10\Include\10.0.19041.0\um\winnt.h(2543): message : see previous definition of 'STATUS_ARRAY_BOUNDS_EXCEEDED'
C:\Program Files (x86)\Windows Kits\10\Include\10.0.19041.0\shared\ntstatus.h(3292,1): warning C4005: 'STATUS_FLOAT_DENORMAL_OPERAND': macro redefinition
C:\Program Files (x86)\Windows Kits\10\Include\10.0.19041.0\um\winnt.h(2544): message : see previous definition of 'STATUS_FLOAT_DENORMAL_OPERAND'
C:\Program Files (x86)\Windows Kits\10\Include\10.0.19041.0\shared\ntstatus.h(3302,1): warning C4005: 'STATUS_FLOAT_DIVIDE_BY_ZERO': macro redefinition
C:\Program Files (x86)\Windows Kits\10\Include\10.0.19041.0\um\winnt.h(2545): message : see previous definition of 'STATUS_FLOAT_DIVIDE_BY_ZERO'
C:\Program Files (x86)\Windows Kits\10\Include\10.0.19041.0\shared\ntstatus.h(3312,1): warning C4005: 'STATUS_FLOAT_INEXACT_RESULT': macro redefinition
C:\Program Files (x86)\Windows Kits\10\Include\10.0.19041.0\um\winnt.h(2546): message : see previous definition of 'STATUS_FLOAT_INEXACT_RESULT'
C:\Program Files (x86)\Windows Kits\10\Include\10.0.19041.0\shared\ntstatus.h(3322,1): warning C4005: 'STATUS_FLOAT_INVALID_OPERATION': macro redefinition
C:\Program Files (x86)\Windows Kits\10\Include\10.0.19041.0\um\winnt.h(2547): message : see previous definition of 'STATUS_FLOAT_INVALID_OPERATION'
C:\Program Files (x86)\Windows Kits\10\Include\10.0.19041.0\shared\ntstatus.h(3332,1): warning C4005: 'STATUS_FLOAT_OVERFLOW': macro redefinition
C:\Program Files (x86)\Windows Kits\10\Include\10.0.19041.0\um\winnt.h(2548): message : see previous definition of 'STATUS_FLOAT_OVERFLOW'
C:\Program Files (x86)\Windows Kits\10\Include\10.0.19041.0\shared\ntstatus.h(3342,1): warning C4005: 'STATUS_FLOAT_STACK_CHECK': macro redefinition
C:\Program Files (x86)\Windows Kits\10\Include\10.0.19041.0\um\winnt.h(2549): message : see previous definition of 'STATUS_FLOAT_STACK_CHECK'
C:\Program Files (x86)\Windows Kits\10\Include\10.0.19041.0\shared\ntstatus.h(3352,1): warning C4005: 'STATUS_FLOAT_UNDERFLOW': macro redefinition
C:\Program Files (x86)\Windows Kits\10\Include\10.0.19041.0\um\winnt.h(2550): message : see previous definition of 'STATUS_FLOAT_UNDERFLOW'
C:\Program Files (x86)\Windows Kits\10\Include\10.0.19041.0\shared\ntstatus.h(3362,1): warning C4005: 'STATUS_INTEGER_DIVIDE_BY_ZERO': macro redefinition
C:\Program Files (x86)\Windows Kits\10\Include\10.0.19041.0\um\winnt.h(2551): message : see previous definition of 'STATUS_INTEGER_DIVIDE_BY_ZERO'
C:\Program Files (x86)\Windows Kits\10\Include\10.0.19041.0\shared\ntstatus.h(3372,1): warning C4005: 'STATUS_INTEGER_OVERFLOW': macro redefinition
C:\Program Files (x86)\Windows Kits\10\Include\10.0.19041.0\um\winnt.h(2552): message : see previous definition of 'STATUS_INTEGER_OVERFLOW'
C:\Program Files (x86)\Windows Kits\10\Include\10.0.19041.0\shared\ntstatus.h(3382,1): warning C4005: 'STATUS_PRIVILEGED_INSTRUCTION': macro redefinition
C:\Program Files (x86)\Windows Kits\10\Include\10.0.19041.0\um\winnt.h(2553): message : see previous definition of 'STATUS_PRIVILEGED_INSTRUCTION'
C:\Program Files (x86)\Windows Kits\10\Include\10.0.19041.0\shared\ntstatus.h(4328,1): warning C4005: 'STATUS_STACK_OVERFLOW': macro redefinition
C:\Program Files (x86)\Windows Kits\10\Include\10.0.19041.0\um\winnt.h(2554): message : see previous definition of 'STATUS_STACK_OVERFLOW'
C:\Program Files (x86)\Windows Kits\10\Include\10.0.19041.0\shared\ntstatus.h(4845,1): warning C4005: 'STATUS_DLL_NOT_FOUND': macro redefinition
C:\Program Files (x86)\Windows Kits\10\Include\10.0.19041.0\um\winnt.h(2555): message : see previous definition of 'STATUS_DLL_NOT_FOUND'
C:\Program Files (x86)\Windows Kits\10\Include\10.0.19041.0\shared\ntstatus.h(4874,1): warning C4005: 'STATUS_ORDINAL_NOT_FOUND': macro redefinition
C:\Program Files (x86)\Windows Kits\10\Include\10.0.19041.0\um\winnt.h(2556): message : see previous definition of 'STATUS_ORDINAL_NOT_FOUND'
C:\Program Files (x86)\Windows Kits\10\Include\10.0.19041.0\shared\ntstatus.h(4884,1): warning C4005: 'STATUS_ENTRYPOINT_NOT_FOUND': macro redefinition
C:\Program Files (x86)\Windows Kits\10\Include\10.0.19041.0\um\winnt.h(2557): message : see previous definition of 'STATUS_ENTRYPOINT_NOT_FOUND'
C:\Program Files (x86)\Windows Kits\10\Include\10.0.19041.0\shared\ntstatus.h(4894,1): warning C4005: 'STATUS_CONTROL_C_EXIT': macro redefinition
C:\Program Files (x86)\Windows Kits\10\Include\10.0.19041.0\um\winnt.h(2558): message : see previous definition of 'STATUS_CONTROL_C_EXIT'
C:\Program Files (x86)\Windows Kits\10\Include\10.0.19041.0\shared\ntstatus.h(4972,1): warning C4005: 'STATUS_DLL_INIT_FAILED': macro redefinition
C:\Program Files (x86)\Windows Kits\10\Include\10.0.19041.0\um\winnt.h(2559): message : see previous definition of 'STATUS_DLL_INIT_FAILED'
C:\Program Files (x86)\Windows Kits\10\Include\10.0.19041.0\shared\ntstatus.h(5969,1): warning C4005: 'STATUS_CONTROL_STACK_VIOLATION': macro redefinition
C:\Program Files (x86)\Windows Kits\10\Include\10.0.19041.0\um\winnt.h(2560): message : see previous definition of 'STATUS_CONTROL_STACK_VIOLATION'
C:\Program Files (x86)\Windows Kits\10\Include\10.0.19041.0\shared\ntstatus.h(7527,1): warning C4005: 'STATUS_FLOAT_MULTIPLE_FAULTS': macro redefinition
C:\Program Files (x86)\Windows Kits\10\Include\10.0.19041.0\um\winnt.h(2561): message : see previous definition of 'STATUS_FLOAT_MULTIPLE_FAULTS'
C:\Program Files (x86)\Windows Kits\10\Include\10.0.19041.0\shared\ntstatus.h(7537,1): warning C4005: 'STATUS_FLOAT_MULTIPLE_TRAPS': macro redefinition
C:\Program Files (x86)\Windows Kits\10\Include\10.0.19041.0\um\winnt.h(2562): message : see previous definition of 'STATUS_FLOAT_MULTIPLE_TRAPS'
C:\Program Files (x86)\Windows Kits\10\Include\10.0.19041.0\shared\ntstatus.h(7669,1): warning C4005: 'STATUS_REG_NAT_CONSUMPTION': macro redefinition
C:\Program Files (x86)\Windows Kits\10\Include\10.0.19041.0\um\winnt.h(2563): message : see previous definition of 'STATUS_REG_NAT_CONSUMPTION'
C:\Program Files (x86)\Windows Kits\10\Include\10.0.19041.0\shared\ntstatus.h(8652,1): warning C4005: 'STATUS_HEAP_CORRUPTION': macro redefinition
C:\Program Files (x86)\Windows Kits\10\Include\10.0.19041.0\um\winnt.h(2564): message : see previous definition of 'STATUS_HEAP_CORRUPTION'
C:\Program Files (x86)\Windows Kits\10\Include\10.0.19041.0\shared\ntstatus.h(8880,1): warning C4005: 'STATUS_STACK_BUFFER_OVERRUN': macro redefinition
C:\Program Files (x86)\Windows Kits\10\Include\10.0.19041.0\um\winnt.h(2565): message : see previous definition of 'STATUS_STACK_BUFFER_OVERRUN'
C:\Program Files (x86)\Windows Kits\10\Include\10.0.19041.0\shared\ntstatus.h(9007,1): warning C4005: 'STATUS_INVALID_CRUNTIME_PARAMETER': macro redefinition
C:\Program Files (x86)\Windows Kits\10\Include\10.0.19041.0\um\winnt.h(2566): message : see previous definition of 'STATUS_INVALID_CRUNTIME_PARAMETER'
C:\Program Files (x86)\Windows Kits\10\Include\10.0.19041.0\shared\ntstatus.h(9070,1): warning C4005: 'STATUS_ASSERTION_FAILURE': macro redefinition
C:\Program Files (x86)\Windows Kits\10\Include\10.0.19041.0\um\winnt.h(2567): message : see previous definition of 'STATUS_ASSERTION_FAILURE'
C:\Program Files (x86)\Windows Kits\10\Include\10.0.19041.0\shared\ntstatus.h(9988,1): warning C4005: 'STATUS_ENCLAVE_VIOLATION': macro redefinition
C:\Program Files (x86)\Windows Kits\10\Include\10.0.19041.0\um\winnt.h(2568): message : see previous definition of 'STATUS_ENCLAVE_VIOLATION'
C:\Program Files (x86)\Windows Kits\10\Include\10.0.19041.0\shared\ntstatus.h(10406,1): warning C4005: 'STATUS_INTERRUPTED': macro redefinition
C:\Program Files (x86)\Windows Kits\10\Include\10.0.19041.0\um\winnt.h(2569): message : see previous definition of 'STATUS_INTERRUPTED'
C:\Program Files (x86)\Windows Kits\10\Include\10.0.19041.0\shared\ntstatus.h(10415,1): warning C4005: 'STATUS_THREAD_NOT_RUNNING': macro redefinition
C:\Program Files (x86)\Windows Kits\10\Include\10.0.19041.0\um\winnt.h(2570): message : see previous definition of 'STATUS_THREAD_NOT_RUNNING'
C:\Program Files (x86)\Windows Kits\10\Include\10.0.19041.0\shared\ntstatus.h(10709,1): warning C4005: 'STATUS_ALREADY_REGISTERED': macro redefinition
C:\Program Files (x86)\Windows Kits\10\Include\10.0.19041.0\um\winnt.h(2571): message : see previous definition of 'STATUS_ALREADY_REGISTERED'
C:\Program Files (x86)\Windows Kits\10\Include\10.0.19041.0\shared\ntstatus.h(14343,1): warning C4005: 'STATUS_SXS_EARLY_DEACTIVATION': macro redefinition
C:\Program Files (x86)\Windows Kits\10\Include\10.0.19041.0\um\winnt.h(2573): message : see previous definition of 'STATUS_SXS_EARLY_DEACTIVATION'
C:\Program Files (x86)\Windows Kits\10\Include\10.0.19041.0\shared\ntstatus.h(14352,1): warning C4005: 'STATUS_SXS_INVALID_DEACTIVATION': macro redefinition
C:\Program Files (x86)\Windows Kits\10\Include\10.0.19041.0\um\winnt.h(2574): message : see previous definition of 'STATUS_SXS_INVALID_DEACTIVATION'
C:\Users\user\Documents\Visual Studio 2015\Projects\localhost_safer\localhost_safer\process_droppelganging.cpp(158,21): warning C4477: 'printf' : format string '%d' requires an argument of type 'int', but variadic argument 1 has type 'DWORD (__stdcall *)(void)'
  process_injections.cpp
C:\Users\user\Documents\Visual Studio 2015\Projects\localhost_safer\localhost_safer\process_injections.cpp(513,11): warning C4477: 'printf' : format string '%p' requires an argument of type 'void *', but variadic argument 1 has type 'DWORD'
C:\Users\user\Documents\Visual Studio 2015\Projects\localhost_safer\localhost_safer\process_injections.cpp(517,23): warning C4018: '<': signed/unsigned mismatch
  process_iterator.cpp
  persistance.cpp
  kernel_driver_installer_invoker.cpp
C:\Users\user\Documents\Visual Studio 2015\Projects\localhost_safer\localhost_safer\kernel_driver_installer_invoker.cpp(103,9): warning C4101: 'res': unreferenced local variable
  persistance_registry.cpp
  common_utils.cpp
C:\Users\user\Documents\Visual Studio 2015\Projects\localhost_safer\localhost_safer\common_utils.cpp(444,27): warning C4018: '<': signed/unsigned mismatch
C:\Users\user\Documents\Visual Studio 2015\Projects\localhost_safer\localhost_safer\common_utils.cpp(479,15): warning C4244: 'argument': conversion from 'time_t' to 'unsigned int', possible loss of data
  Generating Code...
C:\Users\user\Documents\Visual Studio 2015\Projects\localhost_safer\localhost_safer\localhost_safer.cpp(181): warning C4715: 'inject_bot_into_an_injectable_process': not all control paths return a value
  localhost_safer.vcxproj -> C:\Users\user\Documents\Visual Studio 2015\Projects\localhost_safer\Debug\localhost_safer.exe
